[debug] [2017-10-09T16:07:11.624Z] ----------------------------------------------------------------------
[debug] [2017-10-09T16:07:11.627Z] Command:       /usr/local/bin/node /usr/local/bin/firebase serve
[debug] [2017-10-09T16:07:11.627Z] CLI Version:   3.13.1
[debug] [2017-10-09T16:07:11.627Z] Platform:      darwin
[debug] [2017-10-09T16:07:11.627Z] Node Version:  v6.11.4
[debug] [2017-10-09T16:07:11.628Z] Time:          Mon Oct 09 2017 12:07:11 GMT-0400 (EDT)
[debug] [2017-10-09T16:07:11.628Z] ----------------------------------------------------------------------
[debug] 
[debug] [2017-10-09T16:07:11.639Z] > command requires scopes: ["email","openid","https://www.googleapis.com/auth/cloudplatformprojects.readonly","https://www.googleapis.com/auth/firebase","https://www.googleapis.com/auth/cloud-platform"]
[debug] [2017-10-09T16:07:11.639Z] > authorizing via signed-in user
[debug] [2017-10-09T16:07:11.642Z] >>> HTTP REQUEST GET https://admin.firebase.com/v1/projects/friendlychat-1fb3b  
 Mon Oct 09 2017 12:07:11 GMT-0400 (EDT)
[debug] [2017-10-09T16:07:12.122Z] <<< HTTP RESPONSE 200
[debug] [2017-10-09T16:07:12.123Z] >>> HTTP REQUEST GET https://admin.firebase.com/v1/database/friendlychat-1fb3b/tokens  
 Mon Oct 09 2017 12:07:12 GMT-0400 (EDT)
[debug] [2017-10-09T16:07:12.511Z] <<< HTTP RESPONSE 200
[info] 
[info] === Serving from '/Users/gaocc/GitHub/EC601_HW2_bootstrap/friendlychat-web-master/web-start'...
[info] 
[debug] [2017-10-09T16:07:12.515Z] >>> HTTP REQUEST GET https://cloudresourcemanager.googleapis.com/v1/projects/friendlychat-1fb3b  
 Mon Oct 09 2017 12:07:12 GMT-0400 (EDT)
[debug] [2017-10-09T16:07:12.906Z] <<< HTTP RESPONSE 200
[debug] [2017-10-09T16:07:12.906Z] >>> HTTP REQUEST GET https://mobilesdk-pa.googleapis.com/v1/projects/221848412684/clients/_:getWebAppConfig  
 Mon Oct 09 2017 12:07:12 GMT-0400 (EDT)
[debug] [2017-10-09T16:07:13.433Z] <<< HTTP RESPONSE 200
[info] i  hosting: Serving hosting files from: ./
[info] ✔  hosting: Local server: http://localhost:5000

